<?xml version="1.0" encoding="UTF-8"?>
<!-- Generated by org.testng.reporters.JUnitReportReporter -->
<testsuite hostname="TWINH-LAP-827" failures="0" tests="2" name="DataDrivenTestScripts.VerifyViewTimeTitles" time="11.521" errors="0" timestamp="2022-02-23T18:34:00 IST" skipped="0">
  <testcase classname="DataDrivenTestScripts.VerifyViewTimeTitles" name="ViewTimeSheetTitles" time="10.383"/>
  <system-out/>
  <testcase classname="DataDrivenTestScripts.VerifyViewTimeTitles" name="ViewTimeTable" time="1.138"/>
  <system-out/>
</testsuite> <!-- DataDrivenTestScripts.VerifyViewTimeTitles -->
