<?xml version="1.0" encoding="UTF-8"?>
<!-- Generated by org.testng.reporters.JUnitReportReporter -->
<testsuite hostname="TWINH-LAP-827" failures="0" tests="5" name="DataDrivenTestScripts.OneWaveTitles" time="19.341" errors="0" timestamp="2022-02-20T21:43:44 IST" skipped="0">
  <testcase classname="DataDrivenTestScripts.OneWaveTitles" name="OneWave" time="1.549"/>
  <system-out/>
  <testcase classname="DataDrivenTestScripts.OneWaveTitles" name="login" time="6.666"/>
  <system-out/>
  <testcase classname="DataDrivenTestScripts.OneWaveTitles" name="enterAhome" time="8.149"/>
  <system-out/>
  <testcase classname="DataDrivenTestScripts.OneWaveTitles" name="EnterTimeSheet" time="1.455"/>
  <system-out/>
  <testcase classname="DataDrivenTestScripts.OneWaveTitles" name="VerifyEnterTimeSheetHeaders" time="1.522"/>
  <system-out/>
</testsuite> <!-- DataDrivenTestScripts.OneWaveTitles -->
