<?xml version="1.0" encoding="UTF-8"?>
<!-- Generated by org.testng.reporters.JUnitReportReporter -->
<testsuite hostname="TWINH-LAP-827" failures="0" tests="3" name="DataDrivenTestScripts.VerifyOneWaveTitles" time="58.071" errors="0" timestamp="2022-02-24T08:51:31 IST" skipped="0">
  <testcase classname="DataDrivenTestScripts.VerifyOneWaveTitles" name="VerifyEnterTimeSheetTitles" time="9.580"/>
  <system-out/>
  <testcase classname="DataDrivenTestScripts.VerifyOneWaveTitles" name="VerifyEnterTimeSheetHeaders" time="1.294"/>
  <system-out/>
  <testcase classname="DataDrivenTestScripts.VerifyOneWaveTitles" name="EnterTimeSheet_EnterData" time="47.197"/>
  <system-out/>
</testsuite> <!-- DataDrivenTestScripts.VerifyOneWaveTitles -->
