<?xml version="1.0" encoding="UTF-8"?>
<!-- Generated by org.testng.reporters.JUnitReportReporter -->
<testsuite hostname="TWINH-LAP-827" failures="0" tests="2" name="DataDrivenTestScripts.ViewTime" time="10.273" errors="0" timestamp="2022-02-20T23:01:33 IST" skipped="0">
  <testcase classname="DataDrivenTestScripts.ViewTime" name="ViewTimeSheetTitles" time="9.100"/>
  <system-out/>
  <testcase classname="DataDrivenTestScripts.ViewTime" name="ViewTimeTable" time="1.173"/>
  <system-out/>
</testsuite> <!-- DataDrivenTestScripts.ViewTime -->
