<?xml version="1.0" encoding="UTF-8"?>
<!-- Generated by org.testng.reporters.JUnitReportReporter -->
<testsuite hostname="TWINH-LAP-827" failures="0" tests="1" name="DataDrivenTestScripts.Login1" time="0.000" errors="0" timestamp="2022-02-17T16:05:15 IST" skipped="1">
  <testcase classname="DataDrivenTestScripts.Login1" name="Logintest" time="0.000">
    <skipped/>
  </testcase> <!-- Logintest -->
  <system-out/>
</testsuite> <!-- DataDrivenTestScripts.Login1 -->
