<?xml version="1.0" encoding="UTF-8"?>
<!-- Generated by org.testng.reporters.JUnitReportReporter -->
<testsuite hostname="TWINH-LAP-827" failures="0" tests="3" name="DataDrivenTestScripts.LoginTest" time="1.422" errors="0" timestamp="2022-03-18T18:00:03 IST" skipped="2">
  <testcase classname="DataDrivenTestScripts.LoginTest" name="Login_QA_ValidCredentails" time="1.422"/>
  <system-out>
    <![CDATA[Successfully Login In TimeSheet !!]]>
  </system-out>
  <testcase classname="DataDrivenTestScripts.LoginTest" name="Login_QA_INValidCredentails">
    <skipped/>
  </testcase> <!-- Login_QA_INValidCredentails -->
  <system-out/>
  <testcase classname="DataDrivenTestScripts.LoginTest" name="Login_QA_WithBlankValue">
    <skipped/>
  </testcase> <!-- Login_QA_WithBlankValue -->
  <system-out/>
</testsuite> <!-- DataDrivenTestScripts.LoginTest -->
