<?xml version="1.0" encoding="UTF-8"?>
<!-- Generated by org.testng.reporters.JUnitReportReporter -->
<testsuite hostname="TWINH-LAP-827" failures="0" tests="1" name="DataDrivenTestScripts.AttachTimeSheet_QA" time="14.153" errors="0" timestamp="2022-02-23T15:42:41 IST" skipped="0">
  <testcase classname="DataDrivenTestScripts.AttachTimeSheet_QA" name="AttachTimesheet" time="14.153"/>
  <system-out/>
</testsuite> <!-- DataDrivenTestScripts.AttachTimeSheet_QA -->
