<?xml version="1.0" encoding="UTF-8"?>
<!-- Generated by org.testng.reporters.JUnitReportReporter -->
<testsuite hostname="TWINH-LAP-827" failures="0" tests="3" name="DataDrivenTestScripts.LoginValidation" time="2.873" errors="0" timestamp="2022-02-25T10:44:27 IST" skipped="2">
  <testcase classname="DataDrivenTestScripts.LoginValidation" name="Login_QA_ValidCredentails" time="2.873"/>
  <system-out/>
  <testcase classname="DataDrivenTestScripts.LoginValidation" name="Login_QA_WithBlankValue">
    <skipped/>
  </testcase> <!-- Login_QA_WithBlankValue -->
  <system-out/>
  <testcase classname="DataDrivenTestScripts.LoginValidation" name="Login_QA_INValidCredentails">
    <skipped/>
  </testcase> <!-- Login_QA_INValidCredentails -->
  <system-out/>
</testsuite> <!-- DataDrivenTestScripts.LoginValidation -->
